<?xml version="1.0" encoding="UTF-8"?>
<testng-results ignored="0" total="1" passed="1" failed="0" skipped="0">
  <reporter-output>
  </reporter-output>
  <suite started-at="2025-01-10T12:39:38 GMT" name="Default suite" finished-at="2025-01-10T12:39:42 GMT" duration-ms="3305">
    <groups>
    </groups>
    <test started-at="2025-01-10T12:39:38 GMT" name="Default test" finished-at="2025-01-10T12:39:42 GMT" duration-ms="3305">
      <class name="com.swag.tests.UserLoginTest">
        <test-method is-config="true" signature="openBrowserUrl()[pri:0, instance:com.swag.tests.UserLoginTest@3e27aa33]" started-at="2025-01-10T12:39:31 GMT" name="openBrowserUrl" finished-at="2025-01-10T12:39:38 GMT" duration-ms="7229" status="PASS">
          <reporter-output>
          </reporter-output>
        </test-method> <!-- openBrowserUrl -->
        <test-method signature="UserLoginTest()[pri:0, instance:com.swag.tests.UserLoginTest@3e27aa33]" started-at="2025-01-10T12:39:38 GMT" name="UserLoginTest" finished-at="2025-01-10T12:39:42 GMT" duration-ms="3204" status="PASS">
          <reporter-output>
          </reporter-output>
        </test-method> <!-- UserLoginTest -->
        <test-method is-config="true" signature="closeBrowserUrl()[pri:0, instance:com.swag.tests.UserLoginTest@3e27aa33]" started-at="2025-01-10T12:39:42 GMT" name="closeBrowserUrl" finished-at="2025-01-10T12:39:43 GMT" duration-ms="1077" status="PASS">
          <reporter-output>
          </reporter-output>
        </test-method> <!-- closeBrowserUrl -->
      </class> <!-- com.swag.tests.UserLoginTest -->
    </test> <!-- Default test -->
  </suite> <!-- Default suite -->
</testng-results>
